<?xml version="1.0" encoding="utf-8"?><testsuites name="pytest tests"><testsuite name="pytest" errors="0" failures="0" skipped="0" tests="17" time="35.329" timestamp="2026-07-28T20:24:43.260750+00:00" hostname="agent-env-ec4d20dc-5c5c-41a7-83d3-b68b364da148"><testcase classname="tests.backend_test.TestAuth" name="test_root" time="0.321" /><testcase classname="tests.backend_test.TestAuth" name="test_register_new" time="0.834" /><testcase classname="tests.backend_test.TestProjectsFlow" name="test_upload" time="1.853" /><testcase classname="tests.backend_test.TestAuth" name="test_login_demo" time="1.124" /><testcase classname="tests.backend_test.TestProjectsFlow" name="test_create_project" time="0.461" /><testcase classname="tests.backend_test.TestAuth" name="test_login_wrong_pass" time="0.394" /><testcase classname="tests.backend_test.TestProjectsFlow" name="test_list_projects" time="0.367" /><testcase classname="tests.backend_test.TestProjectsFlow" name="test_get_project" time="0.463" /><testcase classname="tests.backend_test.TestProjectsFlow" name="test_generate_plan" time="30.140" /><testcase classname="tests.backend_test.TestAuth" name="test_me" time="0.610" /><testcase classname="tests.backend_test.TestAuth" name="test_me_no_token" time="8.123" /><testcase classname="tests.backend_test.TestPlans" name="test_list_plans" time="1.319" /><testcase classname="tests.backend_test.TestDashboard" name="test_stats" time="0.087" /><testcase classname="tests.backend_test.TestCheckout" name="test_checkout_coach_monthly" time="0.712" /><testcase classname="tests.backend_test.TestProjectsFlow" name="test_update_plan" time="0.135" /><testcase classname="tests.backend_test.TestProjectsFlow" name="test_approve" time="0.114" /><testcase classname="tests.backend_test.TestProjectsFlow" name="test_delete" time="0.126" /></testsuite></testsuites>