<?xml version="1.0" encoding="utf-8"?><testsuites name="pytest tests"><testsuite name="pytest" errors="0" failures="1" skipped="0" tests="23" time="67.626" timestamp="2026-07-28T20:59:17.550639+00:00" hostname="agent-env-ec4d20dc-5c5c-41a7-83d3-b68b364da148"><testcase classname="tests.backend_test.TestAuth" name="test_root" time="0.330" /><testcase classname="tests.backend_test.TestAuth" name="test_register_new" time="0.566" /><testcase classname="tests.backend_test.TestProjectsFlow" name="test_upload" time="1.270" /><testcase classname="tests.backend_test.TestAuth" name="test_login_demo" time="0.645" /><testcase classname="tests.backend_test.TestProjectsFlow" name="test_create_project" time="0.282" /><testcase classname="tests.backend_test.TestAuth" name="test_login_wrong_pass" time="0.332" /><testcase classname="tests.backend_test.TestProjectsFlow" name="test_list_projects" time="0.330" /><testcase classname="tests.backend_test.TestProjectsFlow" name="test_get_project" time="0.055" /><testcase classname="tests.backend_test.TestProjectsFlow" name="test_generate_plan" time="37.245" /><testcase classname="tests.backend_test.TestAuth" name="test_me" time="5.486" /><testcase classname="tests.backend_test.TestAuth" name="test_me_no_token" time="0.169" /><testcase classname="tests.backend_test.TestCreateModeFormField" name="test_create_with_subtitle_mode" time="1.093" /><testcase classname="tests.backend_test.TestCreateModeFormField" name="test_create_with_prompt_mode" time="30.528"><failure message="assert 500 == 200&#10; +  where 500 = &lt;Response [500]&gt;.status_code">backend/tests/backend_test.py:249: in test_create_with_prompt_mode
    r = self._create(auth_headers, "prompt")
        ^^^^^^^^^^^^^^^^^^^^^^^^^^^^^^^^^^^^
backend/tests/backend_test.py:226: in _create
    sp = self._upload(auth_headers)
         ^^^^^^^^^^^^^^^^^^^^^^^^^^
backend/tests/backend_test.py:222: in _upload
    assert r.status_code == 200
E   assert 500 == 200
E    +  where 500 = &lt;Response [500]&gt;.status_code</failure></testcase><testcase classname="tests.backend_test.TestProjectsFlow" name="test_update_plan" time="0.115" /><testcase classname="tests.backend_test.TestCreateModeFormField" name="test_create_default_mode_is_prompt" time="1.503" /><testcase classname="tests.backend_test.TestProjectsFlow" name="test_approve" time="0.730" /><testcase classname="tests.backend_test.TestProjectsFlow" name="test_delete" time="0.105" /><testcase classname="tests.backend_test.TestPlans" name="test_list_plans" time="0.554" /><testcase classname="tests.backend_test.TestDashboard" name="test_stats" time="0.062" /><testcase classname="tests.backend_test.TestCreateModeFormField" name="test_create_invalid_mode_falls_back_to_prompt" time="1.698" /><testcase classname="tests.backend_test.TestCheckout" name="test_checkout_coach_monthly" time="0.926" /><testcase classname="tests.backend_test.TestGenerateModes" name="test_generate_subtitle_mode" time="5.780" /><testcase classname="tests.backend_test.TestGenerateModes" name="test_generate_prompt_mode" time="18.501" /></testsuite></testsuites>